# JRE version: OpenJDK Runtime Environment (21.0.6) (build 21.0.6+-13391695-b895.109)
# Java VM: OpenJDK 64-Bit Server VM (21.0.6+-13391695-b895.109, mixed mode, tiered, compressed oops, compressed class ptrs, g1 gc, windows-amd64)
GC Precious Log:
 CardTable entry size: 512
 Card Set container configuration: InlinePtr #cards 5 size 8 Array Of Cards #cards 12 size 40 Howl #buckets 4 coarsen threshold 1843 Howl Bitmap #cards 512 size 80 coarsen threshold 460 Card regions per heap region 1 cards per card region 2048
 CPUs: 12 total, 12 available
 Memory: 7573M
 Large Page Support: Disabled
 NUMA Support: Disabled
 Compressed Oops: Enabled (32-bit)
 Heap Region Size: 1M
 Heap Min Capacity: 8M
 Heap Initial Capacity: 8M
 Heap Max Capacity: 1894M
 Pre-touch: Disabled
 Parallel Workers: 10
 Concurrent Workers: 3
 Concurrent Refinement Workers: 10
 Periodic GC: Disabled
Heap:
 garbage-first heap   total 12288K, used 4470K [0x0000000089a00000, 0x0000000100000000)
  region size 1024K, 2 young (2048K), 1 survivors (1024K)
 Metaspace       used 16523K, committed 16704K, reserved 1114112K
  class space    used 1741K, committed 1856K, reserved 1048576K
GC Heap History (18 events):
Event: 0.111 GC heap before
{Heap before GC invocations=0 (full 0):
 garbage-first heap   total 8192K, used 2048K [0x0000000089a00000, 0x0000000100000000)
  region size 1024K, 3 young (3072K), 0 survivors (0K)
 Metaspace       used 6940K, committed 7104K, reserved 1114112K
  class space    used 644K, committed 768K, reserved 1048576K
}
Event: 0.113 GC heap after
{Heap after GC invocations=1 (full 0):
 garbage-first heap   total 8192K, used 960K [0x0000000089a00000, 0x0000000100000000)
  region size 1024K, 1 young (1024K), 1 survivors (1024K)
 Metaspace       used 6940K, committed 7104K, reserved 1114112K
  class space    used 644K, committed 768K, reserved 1048576K
}
Event: 0.140 GC heap before
{Heap before GC invocations=1 (full 0):
 garbage-first heap   total 8192K, used 3008K [0x0000000089a00000, 0x0000000100000000)
  region size 1024K, 3 young (3072K), 1 survivors (1024K)
 Metaspace       used 7925K, committed 8064K, reserved 1114112K
  class space    used 752K, committed 832K, reserved 1048576K
}
Event: 0.141 GC heap after
{Heap after GC invocations=2 (full 0):
 garbage-first heap   total 8192K, used 943K [0x0000000089a00000, 0x0000000100000000)
  region size 1024K, 1 young (1024K), 1 survivors (1024K)
 Metaspace       used 7925K, committed 8064K, reserved 1114112K
  class space    used 752K, committed 832K, reserved 1048576K
}
Event: 0.175 GC heap before
{Heap before GC invocations=2 (full 0):
 garbage-first heap   total 8192K, used 2991K [0x0000000089a00000, 0x0000000100000000)
  region size 1024K, 3 young (3072K), 1 survivors (1024K)
 Metaspace       used 9100K, committed 9280K, reserved 1114112K
  class space    used 893K, committed 1024K, reserved 1048576K
}
Event: 0.175 GC heap after
{Heap after GC invocations=3 (full 0):
 garbage-first heap   total 8192K, used 1097K [0x0000000089a00000, 0x0000000100000000)
  region size 1024K, 1 young (1024K), 1 survivors (1024K)
 Metaspace       used 9100K, committed 9280K, reserved 1114112K
  class space    used 893K, committed 1024K, reserved 1048576K
}
Event: 0.199 GC heap before
{Heap before GC invocations=3 (full 0):
 garbage-first heap   total 8192K, used 3145K [0x0000000089a00000, 0x0000000100000000)
  region size 1024K, 4 young (4096K), 1 survivors (1024K)
 Metaspace       used 9983K, committed 10240K, reserved 1114112K
  class space    used 1036K, committed 1152K, reserved 1048576K
}
Event: 0.200 GC heap after
{Heap after GC invocations=4 (full 0):
 garbage-first heap   total 8192K, used 1554K [0x0000000089a00000, 0x0000000100000000)
  region size 1024K, 1 young (1024K), 1 survivors (1024K)
 Metaspace       used 9983K, committed 10240K, reserved 1114112K
  class space    used 1036K, committed 1152K, reserved 1048576K
}
Event: 0.226 GC heap before
{Heap before GC invocations=4 (full 0):
 garbage-first heap   total 8192K, used 3602K [0x0000000089a00000, 0x0000000100000000)
  region size 1024K, 4 young (4096K), 1 survivors (1024K)
 Metaspace       used 10860K, committed 11072K, reserved 1114112K
  class space    used 1157K, committed 1280K, reserved 1048576K
}
Event: 0.227 GC heap after
{Heap after GC invocations=5 (full 0):
 garbage-first heap   total 10240K, used 1732K [0x0000000089a00000, 0x0000000100000000)
  region size 1024K, 1 young (1024K), 1 survivors (1024K)
 Metaspace       used 10860K, committed 11072K, reserved 1114112K
  class space    used 1157K, committed 1280K, reserved 1048576K
}
Event: 0.252 GC heap before
{Heap before GC invocations=5 (full 0):
 garbage-first heap   total 10240K, used 4804K [0x0000000089a00000, 0x0000000100000000)
  region size 1024K, 5 young (5120K), 1 survivors (1024K)
 Metaspace       used 11935K, committed 12160K, reserved 1114112K
  class space    used 1278K, committed 1408K, reserved 1048576K
}
Event: 0.253 GC heap after
{Heap after GC invocations=6 (full 0):
 garbage-first heap   total 10240K, used 1729K [0x0000000089a00000, 0x0000000100000000)
  region size 1024K, 1 young (1024K), 1 survivors (1024K)
 Metaspace       used 11935K, committed 12160K, reserved 1114112K
  class space    used 1278K, committed 1408K, reserved 1048576K
}
Event: 0.292 GC heap before
{Heap before GC invocations=6 (full 0):
 garbage-first heap   total 10240K, used 5825K [0x0000000089a00000, 0x0000000100000000)
  region size 1024K, 6 young (6144K), 1 survivors (1024K)
 Metaspace       used 13381K, committed 13568K, reserved 1114112K
  class space    used 1449K, committed 1536K, reserved 1048576K
}
Event: 0.292 GC heap after
{Heap after GC invocations=7 (full 0):
 garbage-first heap   total 10240K, used 2168K [0x0000000089a00000, 0x0000000100000000)
  region size 1024K, 1 young (1024K), 1 survivors (1024K)
 Metaspace       used 13381K, committed 13568K, reserved 1114112K
  class space    used 1449K, committed 1536K, reserved 1048576K
}
Event: 0.377 GC heap before
{Heap before GC invocations=7 (full 0):
 garbage-first heap   total 10240K, used 7288K [0x0000000089a00000, 0x0000000100000000)
  region size 1024K, 6 young (6144K), 1 survivors (1024K)
 Metaspace       used 15789K, committed 16000K, reserved 1114112K
  class space    used 1670K, committed 1792K, reserved 1048576K
}
Event: 0.379 GC heap after
{Heap after GC invocations=8 (full 0):
 garbage-first heap   total 10240K, used 3391K [0x0000000089a00000, 0x0000000100000000)
  region size 1024K, 1 young (1024K), 1 survivors (1024K)
 Metaspace       used 15789K, committed 16000K, reserved 1114112K
  class space    used 1670K, committed 1792K, reserved 1048576K
}
Event: 0.414 GC heap before
{Heap before GC invocations=8 (full 0):
 garbage-first heap   total 10240K, used 7487K [0x0000000089a00000, 0x0000000100000000)
  region size 1024K, 5 young (5120K), 1 survivors (1024K)
 Metaspace       used 16005K, committed 16192K, reserved 1114112K
  class space    used 1680K, committed 1792K, reserved 1048576K
}
Event: 0.415 GC heap after
{Heap after GC invocations=9 (full 0):
 garbage-first heap   total 12288K, used 3797K [0x0000000089a00000, 0x0000000100000000)
  region size 1024K, 1 young (1024K), 1 survivors (1024K)
 Metaspace       used 16005K, committed 16192K, reserved 1114112K
  class space    used 1680K, committed 1792K, reserved 1048576K
}

